Build target 'Target 1'
compiling main.c...
main.c(256): warning C280: 'channel': unreferenced local variable
linking...
*** WARNING L16: UNCALLED SEGMENT, IGNORED FOR OVERLAY PROCESS
    SEGMENT: ?PR?INIT_INT0?MAIN

*** WARNING L16: UNCALLED SEGMENT, IGNORED FOR OVERLAY PROCESS
    SEGMENT: ?PR?INIT_TIMER0?MAIN

*** WARNING L16: UNCALLED SEGMENT, IGNORED FOR OVERLAY PROCESS
    SEGMENT: ?PR?LED1_WORKING?MAIN

*** WARNING L16: UNCALLED SEGMENT, IGNORED FOR OVERLAY PROCESS
    SEGMENT: ?PR?LEDINT?MAIN

*** WARNING L16: UNCALLED SEGMENT, IGNORED FOR OVERLAY PROCESS
    SEGMENT: ?PR?SCANKEYS_ALONE_1?MAIN

*** WARNING L16: UNCALLED SEGMENT, IGNORED FOR OVERLAY PROCESS
    SEGMENT: ?PR?SCANKEYS_ALONE_2?MAIN

*** WARNING L16: UNCALLED SEGMENT, IGNORED FOR OVERLAY PROCESS
    SEGMENT: ?PR?_DELAY?MAIN

*** WARNING L16: UNCALLED SEGMENT, IGNORED FOR OVERLAY PROCESS
    SEGMENT: ?PR?LED_RUNNING?MAIN

*** WARNING L16: UNCALLED SEGMENT, IGNORED FOR OVERLAY PROCESS
    SEGMENT: ?PR?SCANKEYSMULTI?MAIN

*** WARNING L16: UNCALLED SEGMENT, IGNORED FOR OVERLAY PROCESS
    SEGMENT: ?PR?DISPLAYTIME?MAIN

*** WARNING L16: UNCALLED SEGMENT, IGNORED FOR OVERLAY PROCESS
    SEGMENT: ?PR?SCANKEYS?MAIN

Program Size: data=25.0 xdata=0 code=1647
creating hex file from ".\Objects\testProject"...
".\Objects\testProject" - 0 Error(s), 12 Warning(s).
Build Time Elapsed:  00:00:00
